Base path: 'C:/Program Files/Unity/Hub/Editor/2019.2.0f1/Editor/Data', plugins path 'C:/Program Files/Unity/Hub/Editor/2019.2.0f1/Editor/Data/PlaybackEngines'
Cmd: initializeCompiler
Cmd: compileSnippet
  api=4 type=1 insize=11846 outsize=4538 kw=SHADOWS_SPLIT_SPHERES SHADOWS_SINGLE_CASCADE pd=UNITY_ENABLE_REFLECTION_BUFFERS UNITY_USE_DITHER_MASK_FOR_ALPHABLENDED_SHADOWS UNITY_PBS_USE_BRDF1 UNITY_SPECCUBE_BOX_PROJECTION UNITY_SPECCUBE_BLENDING UNITY_ENABLE_DETAIL_NORMALMAP SHADER_API_DESKTOP UNITY_COLORSPACE_GAMMA UNITY_LIGHT_PROBE_PROXY_VOLUME UNITY_LIGHTMAP_FULL_HDR ok=1
Cmd: compileComputeKernel
  api=4 insize=10756 outsize=1789 ok=1
Cmd: compileComputeKernel
  api=4 insize=10756 outsize=2934 ok=1
Cmd: compileComputeKernel
  api=4 insize=9288 outsize=7569 ok=1
Cmd: compileComputeKernel
  api=4 insize=14003 outsize=15079 ok=1
Cmd: compileComputeKernel
  api=4 insize=28420 outsize=2062 ok=1
Cmd: compileComputeKernel
  api=4 insize=28420 outsize=1309 ok=1
Cmd: compileComputeKernel
  api=4 insize=28420 outsize=1368 ok=1
Cmd: compileComputeKernel
  api=4 insize=28420 outsize=1349 ok=1
Cmd: compileComputeKernel
  api=4 insize=28420 outsize=1831 ok=1
Cmd: compileComputeKernel
  api=4 insize=21203 outsize=706 ok=1
Cmd: compileComputeKernel
  api=4 insize=21203 outsize=863 ok=1
Cmd: compileComputeKernel
  api=4 insize=21203 outsize=1162 ok=1
Cmd: compileComputeKernel
  api=4 insize=21203 outsize=1243 ok=1
Cmd: compileComputeKernel
  api=4 insize=21203 outsize=1345 ok=1
Cmd: compileComputeKernel
  api=4 insize=21203 outsize=1296 ok=1
Cmd: compileComputeKernel
  api=4 insize=21203 outsize=1739 ok=1
