Base path: 'C:/Program Files/Unity/Hub/Editor/2019.2.0f1/Editor/Data', plugins path 'C:/Program Files/Unity/Hub/Editor/2019.2.0f1/Editor/Data/PlaybackEngines'
Cmd: initializeCompiler
Cmd: compileSnippet
  api=4 type=0 insize=11846 outsize=1258 kw=SHADOWS_SPLIT_SPHERES SHADOWS_SINGLE_CASCADE pd=UNITY_ENABLE_REFLECTION_BUFFERS UNITY_USE_DITHER_MASK_FOR_ALPHABLENDED_SHADOWS UNITY_PBS_USE_BRDF1 UNITY_SPECCUBE_BOX_PROJECTION UNITY_SPECCUBE_BLENDING UNITY_ENABLE_DETAIL_NORMALMAP SHADER_API_DESKTOP UNITY_COLORSPACE_GAMMA UNITY_LIGHT_PROBE_PROXY_VOLUME UNITY_LIGHTMAP_FULL_HDR ok=1
Cmd: compileComputeKernel
  api=4 insize=10756 outsize=2118 ok=1
Cmd: compileComputeKernel
  api=4 insize=10756 outsize=1416 ok=1
Cmd: compileComputeKernel
  api=4 insize=10756 outsize=1349 ok=1
Cmd: compileComputeKernel
  api=4 insize=4631 outsize=2271 ok=1
Cmd: compileComputeKernel
  api=4 insize=14003 outsize=2627 ok=1
Cmd: compileComputeKernel
  api=4 insize=28420 outsize=1564 ok=1
Cmd: compileComputeKernel
  api=4 insize=28420 outsize=1574 ok=1
Cmd: compileComputeKernel
  api=4 insize=28420 outsize=1354 ok=1
Cmd: compileComputeKernel
  api=4 insize=28420 outsize=1450 ok=1
Cmd: compileComputeKernel
  api=4 insize=28420 outsize=1831 ok=1
Cmd: compileComputeKernel
  api=4 insize=28420 outsize=1326 ok=1
Cmd: compileComputeKernel
  api=4 insize=21203 outsize=849 ok=1
Cmd: compileComputeKernel
  api=4 insize=21203 outsize=839 ok=1
Cmd: compileComputeKernel
  api=4 insize=21203 outsize=1286 ok=1
Cmd: compileComputeKernel
  api=4 insize=21203 outsize=1354 ok=1
Cmd: compileComputeKernel
  api=4 insize=21203 outsize=1387 ok=1
Cmd: compileComputeKernel
  api=4 insize=21203 outsize=1273 ok=1
